cd build && make grade
make[1]: Entering directory '/home/edie/git/pintos-userprog/vm/build'
pintos -v -k -T 10 --qemu  --filesys-size=2 -p tests/userprog/args-none -a args-none --swap-size=4 -- -q  -f run args-none < /dev/null 2> tests/userprog/args-none.errors > tests/userprog/args-none.output
perl -I../.. ../../tests/userprog/args-none.ck tests/userprog/args-none tests/userprog/args-none.result
pass tests/userprog/args-none
pintos -v -k -T 10 --qemu  --filesys-size=2 -p tests/userprog/args-single -a args-single --swap-size=4 -- -q  -f run 'args-single onearg' < /dev/null 2> tests/userprog/args-single.errors > tests/userprog/args-single.output
perl -I../.. ../../tests/userprog/args-single.ck tests/userprog/args-single tests/userprog/args-single.result
pass tests/userprog/args-single
pintos -v -k -T 10 --qemu  --filesys-size=2 -p tests/userprog/args-multiple -a args-multiple --swap-size=4 -- -q  -f run 'args-multiple some arguments for you!' < /dev/null 2> tests/userprog/args-multiple.errors > tests/userprog/args-multiple.output
perl -I../.. ../../tests/userprog/args-multiple.ck tests/userprog/args-multiple tests/userprog/args-multiple.result
pass tests/userprog/args-multiple
pintos -v -k -T 10 --qemu  --filesys-size=2 -p tests/userprog/args-many -a args-many --swap-size=4 -- -q  -f run 'args-many a b c d e f g h i j k l m n o p q r s t u v' < /dev/null 2> tests/userprog/args-many.errors > tests/userprog/args-many.output
perl -I../.. ../../tests/userprog/args-many.ck tests/userprog/args-many tests/userprog/args-many.result
pass tests/userprog/args-many
pintos -v -k -T 10 --qemu  --filesys-size=2 -p tests/userprog/args-dbl-space -a args-dbl-space --swap-size=4 -- -q  -f run 'args-dbl-space two  spaces!' < /dev/null 2> tests/userprog/args-dbl-space.errors > tests/userprog/args-dbl-space.output
perl -I../.. ../../tests/userprog/args-dbl-space.ck tests/userprog/args-dbl-space tests/userprog/args-dbl-space.result
pass tests/userprog/args-dbl-space
pintos -v -k -T 10 --qemu  --filesys-size=2 -p tests/userprog/sc-bad-sp -a sc-bad-sp --swap-size=4 -- -q  -f run sc-bad-sp < /dev/null 2> tests/userprog/sc-bad-sp.errors > tests/userprog/sc-bad-sp.output
perl -I../.. ../../tests/userprog/sc-bad-sp.ck tests/userprog/sc-bad-sp tests/userprog/sc-bad-sp.result
pass tests/userprog/sc-bad-sp
pintos -v -k -T 10 --qemu  --filesys-size=2 -p tests/userprog/sc-bad-arg -a sc-bad-arg --swap-size=4 -- -q  -f run sc-bad-arg < /dev/null 2> tests/userprog/sc-bad-arg.errors > tests/userprog/sc-bad-arg.output
perl -I../.. ../../tests/userprog/sc-bad-arg.ck tests/userprog/sc-bad-arg tests/userprog/sc-bad-arg.result
pass tests/userprog/sc-bad-arg
pintos -v -k -T 10 --qemu  --filesys-size=2 -p tests/userprog/sc-boundary -a sc-boundary --swap-size=4 -- -q  -f run sc-boundary < /dev/null 2> tests/userprog/sc-boundary.errors > tests/userprog/sc-boundary.output
perl -I../.. ../../tests/userprog/sc-boundary.ck tests/userprog/sc-boundary tests/userprog/sc-boundary.result
pass tests/userprog/sc-boundary
pintos -v -k -T 10 --qemu  --filesys-size=2 -p tests/userprog/sc-boundary-2 -a sc-boundary-2 --swap-size=4 -- -q  -f run sc-boundary-2 < /dev/null 2> tests/userprog/sc-boundary-2.errors > tests/userprog/sc-boundary-2.output
perl -I../.. ../../tests/userprog/sc-boundary-2.ck tests/userprog/sc-boundary-2 tests/userprog/sc-boundary-2.result
pass tests/userprog/sc-boundary-2
pintos -v -k -T 10 --qemu  --filesys-size=2 -p tests/userprog/halt -a halt --swap-size=4 -- -q  -f run halt < /dev/null 2> tests/userprog/halt.errors > tests/userprog/halt.output
perl -I../.. ../../tests/userprog/halt.ck tests/userprog/halt tests/userprog/halt.result
pass tests/userprog/halt
pintos -v -k -T 10 --qemu  --filesys-size=2 -p tests/userprog/exit -a exit --swap-size=4 -- -q  -f run exit < /dev/null 2> tests/userprog/exit.errors > tests/userprog/exit.output
perl -I../.. ../../tests/userprog/exit.ck tests/userprog/exit tests/userprog/exit.result
pass tests/userprog/exit
pintos -v -k -T 10 --qemu  --filesys-size=2 -p tests/userprog/create-normal -a create-normal --swap-size=4 -- -q  -f run create-normal < /dev/null 2> tests/userprog/create-normal.errors > tests/userprog/create-normal.output
perl -I../.. ../../tests/userprog/create-normal.ck tests/userprog/create-normal tests/userprog/create-normal.result
pass tests/userprog/create-normal
pintos -v -k -T 10 --qemu  --filesys-size=2 -p tests/userprog/create-empty -a create-empty --swap-size=4 -- -q  -f run create-empty < /dev/null 2> tests/userprog/create-empty.errors > tests/userprog/create-empty.output
perl -I../.. ../../tests/userprog/create-empty.ck tests/userprog/create-empty tests/userprog/create-empty.result
pass tests/userprog/create-empty
pintos -v -k -T 10 --qemu  --filesys-size=2 -p tests/userprog/create-null -a create-null --swap-size=4 -- -q  -f run create-null < /dev/null 2> tests/userprog/create-null.errors > tests/userprog/create-null.output
perl -I../.. ../../tests/userprog/create-null.ck tests/userprog/create-null tests/userprog/create-null.result
pass tests/userprog/create-null
pintos -v -k -T 10 --qemu  --filesys-size=2 -p tests/userprog/create-bad-ptr -a create-bad-ptr --swap-size=4 -- -q  -f run create-bad-ptr < /dev/null 2> tests/userprog/create-bad-ptr.errors > tests/userprog/create-bad-ptr.output
perl -I../.. ../../tests/userprog/create-bad-ptr.ck tests/userprog/create-bad-ptr tests/userprog/create-bad-ptr.result
pass tests/userprog/create-bad-ptr
pintos -v -k -T 10 --qemu  --filesys-size=2 -p tests/userprog/create-long -a create-long --swap-size=4 -- -q  -f run create-long < /dev/null 2> tests/userprog/create-long.errors > tests/userprog/create-long.output
perl -I../.. ../../tests/userprog/create-long.ck tests/userprog/create-long tests/userprog/create-long.result
pass tests/userprog/create-long
pintos -v -k -T 10 --qemu  --filesys-size=2 -p tests/userprog/create-exists -a create-exists --swap-size=4 -- -q  -f run create-exists < /dev/null 2> tests/userprog/create-exists.errors > tests/userprog/create-exists.output
perl -I../.. ../../tests/userprog/create-exists.ck tests/userprog/create-exists tests/userprog/create-exists.result
pass tests/userprog/create-exists
pintos -v -k -T 10 --qemu  --filesys-size=2 -p tests/userprog/create-bound -a create-bound --swap-size=4 -- -q  -f run create-bound < /dev/null 2> tests/userprog/create-bound.errors > tests/userprog/create-bound.output
perl -I../.. ../../tests/userprog/create-bound.ck tests/userprog/create-bound tests/userprog/create-bound.result
pass tests/userprog/create-bound
pintos -v -k -T 10 --qemu  --filesys-size=2 -p tests/userprog/open-normal -a open-normal -p ../../tests/userprog/sample.txt -a sample.txt --swap-size=4 -- -q  -f run open-normal < /dev/null 2> tests/userprog/open-normal.errors > tests/userprog/open-normal.output
perl -I../.. ../../tests/userprog/open-normal.ck tests/userprog/open-normal tests/userprog/open-normal.result
pass tests/userprog/open-normal
pintos -v -k -T 10 --qemu  --filesys-size=2 -p tests/userprog/open-missing -a open-missing --swap-size=4 -- -q  -f run open-missing < /dev/null 2> tests/userprog/open-missing.errors > tests/userprog/open-missing.output
perl -I../.. ../../tests/userprog/open-missing.ck tests/userprog/open-missing tests/userprog/open-missing.result
pass tests/userprog/open-missing
pintos -v -k -T 10 --qemu  --filesys-size=2 -p tests/userprog/open-boundary -a open-boundary -p ../../tests/userprog/sample.txt -a sample.txt --swap-size=4 -- -q  -f run open-boundary < /dev/null 2> tests/userprog/open-boundary.errors > tests/userprog/open-boundary.output
perl -I../.. ../../tests/userprog/open-boundary.ck tests/userprog/open-boundary tests/userprog/open-boundary.result
pass tests/userprog/open-boundary
pintos -v -k -T 10 --qemu  --filesys-size=2 -p tests/userprog/open-empty -a open-empty --swap-size=4 -- -q  -f run open-empty < /dev/null 2> tests/userprog/open-empty.errors > tests/userprog/open-empty.output
perl -I../.. ../../tests/userprog/open-empty.ck tests/userprog/open-empty tests/userprog/open-empty.result
pass tests/userprog/open-empty
pintos -v -k -T 10 --qemu  --filesys-size=2 -p tests/userprog/open-null -a open-null --swap-size=4 -- -q  -f run open-null < /dev/null 2> tests/userprog/open-null.errors > tests/userprog/open-null.output
perl -I../.. ../../tests/userprog/open-null.ck tests/userprog/open-null tests/userprog/open-null.result
pass tests/userprog/open-null
pintos -v -k -T 10 --qemu  --filesys-size=2 -p tests/userprog/open-bad-ptr -a open-bad-ptr --swap-size=4 -- -q  -f run open-bad-ptr < /dev/null 2> tests/userprog/open-bad-ptr.errors > tests/userprog/open-bad-ptr.output
perl -I../.. ../../tests/userprog/open-bad-ptr.ck tests/userprog/open-bad-ptr tests/userprog/open-bad-ptr.result
pass tests/userprog/open-bad-ptr
pintos -v -k -T 10 --qemu  --filesys-size=2 -p tests/userprog/open-twice -a open-twice -p ../../tests/userprog/sample.txt -a sample.txt --swap-size=4 -- -q  -f run open-twice < /dev/null 2> tests/userprog/open-twice.errors > tests/userprog/open-twice.output
perl -I../.. ../../tests/userprog/open-twice.ck tests/userprog/open-twice tests/userprog/open-twice.result
pass tests/userprog/open-twice
pintos -v -k -T 10 --qemu  --filesys-size=2 -p tests/userprog/close-normal -a close-normal -p ../../tests/userprog/sample.txt -a sample.txt --swap-size=4 -- -q  -f run close-normal < /dev/null 2> tests/userprog/close-normal.errors > tests/userprog/close-normal.output
perl -I../.. ../../tests/userprog/close-normal.ck tests/userprog/close-normal tests/userprog/close-normal.result
pass tests/userprog/close-normal
pintos -v -k -T 10 --qemu  --filesys-size=2 -p tests/userprog/close-twice -a close-twice -p ../../tests/userprog/sample.txt -a sample.txt --swap-size=4 -- -q  -f run close-twice < /dev/null 2> tests/userprog/close-twice.errors > tests/userprog/close-twice.output
perl -I../.. ../../tests/userprog/close-twice.ck tests/userprog/close-twice tests/userprog/close-twice.result
pass tests/userprog/close-twice
pintos -v -k -T 10 --qemu  --filesys-size=2 -p tests/userprog/close-stdin -a close-stdin --swap-size=4 -- -q  -f run close-stdin < /dev/null 2> tests/userprog/close-stdin.errors > tests/userprog/close-stdin.output
perl -I../.. ../../tests/userprog/close-stdin.ck tests/userprog/close-stdin tests/userprog/close-stdin.result
pass tests/userprog/close-stdin
pintos -v -k -T 10 --qemu  --filesys-size=2 -p tests/userprog/close-stdout -a close-stdout --swap-size=4 -- -q  -f run close-stdout < /dev/null 2> tests/userprog/close-stdout.errors > tests/userprog/close-stdout.output
perl -I../.. ../../tests/userprog/close-stdout.ck tests/userprog/close-stdout tests/userprog/close-stdout.result
pass tests/userprog/close-stdout
pintos -v -k -T 10 --qemu  --filesys-size=2 -p tests/userprog/close-bad-fd -a close-bad-fd --swap-size=4 -- -q  -f run close-bad-fd < /dev/null 2> tests/userprog/close-bad-fd.errors > tests/userprog/close-bad-fd.output
perl -I../.. ../../tests/userprog/close-bad-fd.ck tests/userprog/close-bad-fd tests/userprog/close-bad-fd.result
pass tests/userprog/close-bad-fd
pintos -v -k -T 10 --qemu  --filesys-size=2 -p tests/userprog/read-normal -a read-normal -p ../../tests/userprog/sample.txt -a sample.txt --swap-size=4 -- -q  -f run read-normal < /dev/null 2> tests/userprog/read-normal.errors > tests/userprog/read-normal.output
perl -I../.. ../../tests/userprog/read-normal.ck tests/userprog/read-normal tests/userprog/read-normal.result
pass tests/userprog/read-normal
pintos -v -k -T 10 --qemu  --filesys-size=2 -p tests/userprog/read-bad-ptr -a read-bad-ptr -p ../../tests/userprog/sample.txt -a sample.txt --swap-size=4 -- -q  -f run read-bad-ptr < /dev/null 2> tests/userprog/read-bad-ptr.errors > tests/userprog/read-bad-ptr.output
perl -I../.. ../../tests/userprog/read-bad-ptr.ck tests/userprog/read-bad-ptr tests/userprog/read-bad-ptr.result
pass tests/userprog/read-bad-ptr
pintos -v -k -T 10 --qemu  --filesys-size=2 -p tests/userprog/read-boundary -a read-boundary -p ../../tests/userprog/sample.txt -a sample.txt --swap-size=4 -- -q  -f run read-boundary < /dev/null 2> tests/userprog/read-boundary.errors > tests/userprog/read-boundary.output
perl -I../.. ../../tests/userprog/read-boundary.ck tests/userprog/read-boundary tests/userprog/read-boundary.result
pass tests/userprog/read-boundary
pintos -v -k -T 10 --qemu  --filesys-size=2 -p tests/userprog/read-zero -a read-zero -p ../../tests/userprog/sample.txt -a sample.txt --swap-size=4 -- -q  -f run read-zero < /dev/null 2> tests/userprog/read-zero.errors > tests/userprog/read-zero.output
perl -I../.. ../../tests/userprog/read-zero.ck tests/userprog/read-zero tests/userprog/read-zero.result
pass tests/userprog/read-zero
pintos -v -k -T 10 --qemu  --filesys-size=2 -p tests/userprog/read-stdout -a read-stdout --swap-size=4 -- -q  -f run read-stdout < /dev/null 2> tests/userprog/read-stdout.errors > tests/userprog/read-stdout.output
perl -I../.. ../../tests/userprog/read-stdout.ck tests/userprog/read-stdout tests/userprog/read-stdout.result
pass tests/userprog/read-stdout
pintos -v -k -T 10 --qemu  --filesys-size=2 -p tests/userprog/read-bad-fd -a read-bad-fd --swap-size=4 -- -q  -f run read-bad-fd < /dev/null 2> tests/userprog/read-bad-fd.errors > tests/userprog/read-bad-fd.output
perl -I../.. ../../tests/userprog/read-bad-fd.ck tests/userprog/read-bad-fd tests/userprog/read-bad-fd.result
pass tests/userprog/read-bad-fd
pintos -v -k -T 10 --qemu  --filesys-size=2 -p tests/userprog/write-normal -a write-normal -p ../../tests/userprog/sample.txt -a sample.txt --swap-size=4 -- -q  -f run write-normal < /dev/null 2> tests/userprog/write-normal.errors > tests/userprog/write-normal.output
perl -I../.. ../../tests/userprog/write-normal.ck tests/userprog/write-normal tests/userprog/write-normal.result
pass tests/userprog/write-normal
pintos -v -k -T 10 --qemu  --filesys-size=2 -p tests/userprog/write-bad-ptr -a write-bad-ptr -p ../../tests/userprog/sample.txt -a sample.txt --swap-size=4 -- -q  -f run write-bad-ptr < /dev/null 2> tests/userprog/write-bad-ptr.errors > tests/userprog/write-bad-ptr.output
perl -I../.. ../../tests/userprog/write-bad-ptr.ck tests/userprog/write-bad-ptr tests/userprog/write-bad-ptr.result
pass tests/userprog/write-bad-ptr
pintos -v -k -T 10 --qemu  --filesys-size=2 -p tests/userprog/write-boundary -a write-boundary -p ../../tests/userprog/sample.txt -a sample.txt --swap-size=4 -- -q  -f run write-boundary < /dev/null 2> tests/userprog/write-boundary.errors > tests/userprog/write-boundary.output
perl -I../.. ../../tests/userprog/write-boundary.ck tests/userprog/write-boundary tests/userprog/write-boundary.result
pass tests/userprog/write-boundary
pintos -v -k -T 10 --qemu  --filesys-size=2 -p tests/userprog/write-zero -a write-zero -p ../../tests/userprog/sample.txt -a sample.txt --swap-size=4 -- -q  -f run write-zero < /dev/null 2> tests/userprog/write-zero.errors > tests/userprog/write-zero.output
perl -I../.. ../../tests/userprog/write-zero.ck tests/userprog/write-zero tests/userprog/write-zero.result
pass tests/userprog/write-zero
pintos -v -k -T 10 --qemu  --filesys-size=2 -p tests/userprog/write-stdin -a write-stdin --swap-size=4 -- -q  -f run write-stdin < /dev/null 2> tests/userprog/write-stdin.errors > tests/userprog/write-stdin.output
perl -I../.. ../../tests/userprog/write-stdin.ck tests/userprog/write-stdin tests/userprog/write-stdin.result
pass tests/userprog/write-stdin
pintos -v -k -T 10 --qemu  --filesys-size=2 -p tests/userprog/write-bad-fd -a write-bad-fd --swap-size=4 -- -q  -f run write-bad-fd < /dev/null 2> tests/userprog/write-bad-fd.errors > tests/userprog/write-bad-fd.output
perl -I../.. ../../tests/userprog/write-bad-fd.ck tests/userprog/write-bad-fd tests/userprog/write-bad-fd.result
pass tests/userprog/write-bad-fd
pintos -v -k -T 10 --qemu  --filesys-size=2 -p tests/userprog/exec-once -a exec-once -p tests/userprog/child-simple -a child-simple --swap-size=4 -- -q  -f run exec-once < /dev/null 2> tests/userprog/exec-once.errors > tests/userprog/exec-once.output
perl -I../.. ../../tests/userprog/exec-once.ck tests/userprog/exec-once tests/userprog/exec-once.result
pass tests/userprog/exec-once
pintos -v -k -T 10 --qemu  --filesys-size=2 -p tests/userprog/exec-arg -a exec-arg -p tests/userprog/child-args -a child-args --swap-size=4 -- -q  -f run exec-arg < /dev/null 2> tests/userprog/exec-arg.errors > tests/userprog/exec-arg.output
perl -I../.. ../../tests/userprog/exec-arg.ck tests/userprog/exec-arg tests/userprog/exec-arg.result
pass tests/userprog/exec-arg
pintos -v -k -T 10 --qemu  --filesys-size=2 -p tests/userprog/exec-missing -a exec-missing --swap-size=4 -- -q  -f run exec-missing < /dev/null 2> tests/userprog/exec-missing.errors > tests/userprog/exec-missing.output
perl -I../.. ../../tests/userprog/exec-missing.ck tests/userprog/exec-missing tests/userprog/exec-missing.result
pass tests/userprog/exec-missing
pintos -v -k -T 10 --qemu  --filesys-size=2 -p tests/userprog/exec-bad-ptr -a exec-bad-ptr --swap-size=4 -- -q  -f run exec-bad-ptr < /dev/null 2> tests/userprog/exec-bad-ptr.errors > tests/userprog/exec-bad-ptr.output
perl -I../.. ../../tests/userprog/exec-bad-ptr.ck tests/userprog/exec-bad-ptr tests/userprog/exec-bad-ptr.result
pass tests/userprog/exec-bad-ptr
pintos -v -k -T 10 --qemu  --filesys-size=2 -p tests/userprog/wait-simple -a wait-simple -p tests/userprog/child-simple -a child-simple --swap-size=4 -- -q  -f run wait-simple < /dev/null 2> tests/userprog/wait-simple.errors > tests/userprog/wait-simple.output
perl -I../.. ../../tests/userprog/wait-simple.ck tests/userprog/wait-simple tests/userprog/wait-simple.result
pass tests/userprog/wait-simple
pintos -v -k -T 10 --qemu  --filesys-size=2 -p tests/userprog/wait-twice -a wait-twice -p tests/userprog/child-simple -a child-simple --swap-size=4 -- -q  -f run wait-twice < /dev/null 2> tests/userprog/wait-twice.errors > tests/userprog/wait-twice.output
perl -I../.. ../../tests/userprog/wait-twice.ck tests/userprog/wait-twice tests/userprog/wait-twice.result
pass tests/userprog/wait-twice
pintos -v -k -T 10 --qemu  --filesys-size=2 -p tests/userprog/wait-killed -a wait-killed -p tests/userprog/child-bad -a child-bad --swap-size=4 -- -q  -f run wait-killed < /dev/null 2> tests/userprog/wait-killed.errors > tests/userprog/wait-killed.output
perl -I../.. ../../tests/userprog/wait-killed.ck tests/userprog/wait-killed tests/userprog/wait-killed.result
pass tests/userprog/wait-killed
pintos -v -k -T 10 --qemu  --filesys-size=2 -p tests/userprog/wait-bad-pid -a wait-bad-pid --swap-size=4 -- -q  -f run wait-bad-pid < /dev/null 2> tests/userprog/wait-bad-pid.errors > tests/userprog/wait-bad-pid.output
perl -I../.. ../../tests/userprog/wait-bad-pid.ck tests/userprog/wait-bad-pid tests/userprog/wait-bad-pid.result
pass tests/userprog/wait-bad-pid
pintos -v -k -T 10 --qemu  --filesys-size=2 -p tests/userprog/multi-recurse -a multi-recurse --swap-size=4 -- -q  -f run 'multi-recurse 15' < /dev/null 2> tests/userprog/multi-recurse.errors > tests/userprog/multi-recurse.output
perl -I../.. ../../tests/userprog/multi-recurse.ck tests/userprog/multi-recurse tests/userprog/multi-recurse.result
pass tests/userprog/multi-recurse
pintos -v -k -T 10 --qemu  --filesys-size=2 -p tests/userprog/multi-child-fd -a multi-child-fd -p ../../tests/userprog/sample.txt -a sample.txt -p tests/userprog/child-close -a child-close --swap-size=4 -- -q  -f run multi-child-fd < /dev/null 2> tests/userprog/multi-child-fd.errors > tests/userprog/multi-child-fd.output
perl -I../.. ../../tests/userprog/multi-child-fd.ck tests/userprog/multi-child-fd tests/userprog/multi-child-fd.result
pass tests/userprog/multi-child-fd
pintos -v -k -T 10 --qemu  --filesys-size=2 -p tests/userprog/rox-simple -a rox-simple --swap-size=4 -- -q  -f run rox-simple < /dev/null 2> tests/userprog/rox-simple.errors > tests/userprog/rox-simple.output
perl -I../.. ../../tests/userprog/rox-simple.ck tests/userprog/rox-simple tests/userprog/rox-simple.result
pass tests/userprog/rox-simple
pintos -v -k -T 10 --qemu  --filesys-size=2 -p tests/userprog/rox-child -a rox-child -p tests/userprog/child-rox -a child-rox --swap-size=4 -- -q  -f run rox-child < /dev/null 2> tests/userprog/rox-child.errors > tests/userprog/rox-child.output
perl -I../.. ../../tests/userprog/rox-child.ck tests/userprog/rox-child tests/userprog/rox-child.result
pass tests/userprog/rox-child
pintos -v -k -T 10 --qemu  --filesys-size=2 -p tests/userprog/rox-multichild -a rox-multichild -p tests/userprog/child-rox -a child-rox --swap-size=4 -- -q  -f run rox-multichild < /dev/null 2> tests/userprog/rox-multichild.errors > tests/userprog/rox-multichild.output
perl -I../.. ../../tests/userprog/rox-multichild.ck tests/userprog/rox-multichild tests/userprog/rox-multichild.result
pass tests/userprog/rox-multichild
pintos -v -k -T 10 --qemu  --filesys-size=2 -p tests/userprog/bad-read -a bad-read --swap-size=4 -- -q  -f run bad-read < /dev/null 2> tests/userprog/bad-read.errors > tests/userprog/bad-read.output
perl -I../.. ../../tests/userprog/bad-read.ck tests/userprog/bad-read tests/userprog/bad-read.result
pass tests/userprog/bad-read
pintos -v -k -T 10 --qemu  --filesys-size=2 -p tests/userprog/bad-write -a bad-write --swap-size=4 -- -q  -f run bad-write < /dev/null 2> tests/userprog/bad-write.errors > tests/userprog/bad-write.output
perl -I../.. ../../tests/userprog/bad-write.ck tests/userprog/bad-write tests/userprog/bad-write.result
pass tests/userprog/bad-write
pintos -v -k -T 10 --qemu  --filesys-size=2 -p tests/userprog/bad-read2 -a bad-read2 --swap-size=4 -- -q  -f run bad-read2 < /dev/null 2> tests/userprog/bad-read2.errors > tests/userprog/bad-read2.output
perl -I../.. ../../tests/userprog/bad-read2.ck tests/userprog/bad-read2 tests/userprog/bad-read2.result
pass tests/userprog/bad-read2
pintos -v -k -T 10 --qemu  --filesys-size=2 -p tests/userprog/bad-write2 -a bad-write2 --swap-size=4 -- -q  -f run bad-write2 < /dev/null 2> tests/userprog/bad-write2.errors > tests/userprog/bad-write2.output
perl -I../.. ../../tests/userprog/bad-write2.ck tests/userprog/bad-write2 tests/userprog/bad-write2.result
pass tests/userprog/bad-write2
pintos -v -k -T 10 --qemu  --filesys-size=2 -p tests/userprog/bad-jump -a bad-jump --swap-size=4 -- -q  -f run bad-jump < /dev/null 2> tests/userprog/bad-jump.errors > tests/userprog/bad-jump.output
perl -I../.. ../../tests/userprog/bad-jump.ck tests/userprog/bad-jump tests/userprog/bad-jump.result
pass tests/userprog/bad-jump
pintos -v -k -T 10 --qemu  --filesys-size=2 -p tests/userprog/bad-jump2 -a bad-jump2 --swap-size=4 -- -q  -f run bad-jump2 < /dev/null 2> tests/userprog/bad-jump2.errors > tests/userprog/bad-jump2.output
perl -I../.. ../../tests/userprog/bad-jump2.ck tests/userprog/bad-jump2 tests/userprog/bad-jump2.result
pass tests/userprog/bad-jump2
pintos -v -k -T 10 --qemu  --filesys-size=2 -p tests/vm/pt-grow-stack -a pt-grow-stack --swap-size=4 -- -q  -f run pt-grow-stack < /dev/null 2> tests/vm/pt-grow-stack.errors > tests/vm/pt-grow-stack.output
perl -I../.. ../../tests/vm/pt-grow-stack.ck tests/vm/pt-grow-stack tests/vm/pt-grow-stack.result
pass tests/vm/pt-grow-stack
pintos -v -k -T 10 --qemu  --filesys-size=2 -p tests/vm/pt-grow-pusha -a pt-grow-pusha --swap-size=4 -- -q  -f run pt-grow-pusha < /dev/null 2> tests/vm/pt-grow-pusha.errors > tests/vm/pt-grow-pusha.output
perl -I../.. ../../tests/vm/pt-grow-pusha.ck tests/vm/pt-grow-pusha tests/vm/pt-grow-pusha.result
pass tests/vm/pt-grow-pusha
pintos -v -k -T 10 --qemu  --filesys-size=2 -p tests/vm/pt-grow-bad -a pt-grow-bad --swap-size=4 -- -q  -f run pt-grow-bad < /dev/null 2> tests/vm/pt-grow-bad.errors > tests/vm/pt-grow-bad.output
perl -I../.. ../../tests/vm/pt-grow-bad.ck tests/vm/pt-grow-bad tests/vm/pt-grow-bad.result
pass tests/vm/pt-grow-bad
pintos -v -k -T 10 --qemu  --filesys-size=2 -p tests/vm/pt-big-stk-obj -a pt-big-stk-obj --swap-size=4 -- -q  -f run pt-big-stk-obj < /dev/null 2> tests/vm/pt-big-stk-obj.errors > tests/vm/pt-big-stk-obj.output
perl -I../.. ../../tests/vm/pt-big-stk-obj.ck tests/vm/pt-big-stk-obj tests/vm/pt-big-stk-obj.result
pass tests/vm/pt-big-stk-obj
pintos -v -k -T 10 --qemu  --filesys-size=2 -p tests/vm/pt-bad-addr -a pt-bad-addr --swap-size=4 -- -q  -f run pt-bad-addr < /dev/null 2> tests/vm/pt-bad-addr.errors > tests/vm/pt-bad-addr.output
perl -I../.. ../../tests/vm/pt-bad-addr.ck tests/vm/pt-bad-addr tests/vm/pt-bad-addr.result
pass tests/vm/pt-bad-addr
pintos -v -k -T 10 --qemu  --filesys-size=2 -p tests/vm/pt-bad-read -a pt-bad-read -p ../../tests/vm/sample.txt -a sample.txt --swap-size=4 -- -q  -f run pt-bad-read < /dev/null 2> tests/vm/pt-bad-read.errors > tests/vm/pt-bad-read.output
perl -I../.. ../../tests/vm/pt-bad-read.ck tests/vm/pt-bad-read tests/vm/pt-bad-read.result
pass tests/vm/pt-bad-read
pintos -v -k -T 10 --qemu  --filesys-size=2 -p tests/vm/pt-write-code -a pt-write-code --swap-size=4 -- -q  -f run pt-write-code < /dev/null 2> tests/vm/pt-write-code.errors > tests/vm/pt-write-code.output
perl -I../.. ../../tests/vm/pt-write-code.ck tests/vm/pt-write-code tests/vm/pt-write-code.result
pass tests/vm/pt-write-code
pintos -v -k -T 10 --qemu  --filesys-size=2 -p tests/vm/pt-write-code2 -a pt-write-code2 -p ../../tests/vm/sample.txt -a sample.txt --swap-size=4 -- -q  -f run pt-write-code2 < /dev/null 2> tests/vm/pt-write-code2.errors > tests/vm/pt-write-code2.output
perl -I../.. ../../tests/vm/pt-write-code2.ck tests/vm/pt-write-code2 tests/vm/pt-write-code2.result
pass tests/vm/pt-write-code2
pintos -v -k -T 10 --qemu  --filesys-size=2 -p tests/vm/page-parallel -a page-parallel -p tests/vm/child-linear -a child-linear --swap-size=4 -- -q  -f run page-parallel < /dev/null 2> tests/vm/page-parallel.errors > tests/vm/page-parallel.output
perl -I../.. ../../tests/vm/page-parallel.ck tests/vm/page-parallel tests/vm/page-parallel.result
FAIL tests/vm/page-parallel
run: TIMEOUT after 11 seconds of wall-clock time - load average: 0.94, 1.30, 1.23
pintos -v -k -T 100 --qemu  --filesys-size=2 -p tests/vm/page-merge-seq -a page-merge-seq -p tests/vm/child-sort -a child-sort --swap-size=4 -- -q  -f run page-merge-seq < /dev/null 2> tests/vm/page-merge-seq.errors > tests/vm/page-merge-seq.output
perl -I../.. ../../tests/vm/page-merge-seq.ck tests/vm/page-merge-seq tests/vm/page-merge-seq.result
FAIL tests/vm/page-merge-seq
Test output failed to match any acceptable form.

Acceptable output:
  (page-merge-seq) begin
  (page-merge-seq) init
  (page-merge-seq) sort chunk 0
  (page-merge-seq) sort chunk 1
  (page-merge-seq) sort chunk 2
  (page-merge-seq) sort chunk 3
  (page-merge-seq) sort chunk 4
  (page-merge-seq) sort chunk 5
  (page-merge-seq) sort chunk 6
  (page-merge-seq) sort chunk 7
  (page-merge-seq) sort chunk 8
  (page-merge-seq) sort chunk 9
  (page-merge-seq) sort chunk 10
  (page-merge-seq) sort chunk 11
  (page-merge-seq) sort chunk 12
  (page-merge-seq) sort chunk 13
  (page-merge-seq) sort chunk 14
  (page-merge-seq) sort chunk 15
  (page-merge-seq) merge
  (page-merge-seq) verify
  (page-merge-seq) success, buf_idx=1,032,192
  (page-merge-seq) end
Differences in `diff -u' format:
  (page-merge-seq) begin
  (page-merge-seq) init
  (page-merge-seq) sort chunk 0
  (page-merge-seq) sort chunk 1
  (page-merge-seq) sort chunk 2
  (page-merge-seq) sort chunk 3
  (page-merge-seq) sort chunk 4
  (page-merge-seq) sort chunk 5
  (page-merge-seq) sort chunk 6
  (page-merge-seq) sort chunk 7
  (page-merge-seq) sort chunk 8
  (page-merge-seq) sort chunk 9
  (page-merge-seq) sort chunk 10
  (page-merge-seq) sort chunk 11
  (page-merge-seq) sort chunk 12
  (page-merge-seq) sort chunk 13
  (page-merge-seq) sort chunk 14
  (page-merge-seq) sort chunk 15
  (page-merge-seq) merge
- (page-merge-seq) verify
- (page-merge-seq) success, buf_idx=1,032,192
- (page-merge-seq) end
+ page-merge-seq: dying due to interrupt 0x0d (#GP General Protection Exception).
+ Interrupt 0x0d (#GP General Protection Exception) at eip=0x804a546
+  cr2=0805b000 error=00000000
+  eax=0804ab9e ebx=00000000 ecx=0804c49f edx=00001935
+  esi=ffffffff edi=0804c4a0 esp=bffffecc ebp=00000001
+  cs=001b ds=0023 es=0023 ss=0023

(Process exit codes are excluded for matching purposes.)
pintos -v -k -T 100 --qemu  --filesys-size=2 -p tests/vm/page-merge-par -a page-merge-par -p tests/vm/child-sort -a child-sort --swap-size=4 -- -q  -f run page-merge-par < /dev/null 2> tests/vm/page-merge-par.errors > tests/vm/page-merge-par.output
perl -I../.. ../../tests/vm/page-merge-par.ck tests/vm/page-merge-par tests/vm/page-merge-par.result
FAIL tests/vm/page-merge-par
run: exec "child-sort buf1": FAILED
pintos -v -k -T 10 --qemu  --filesys-size=2 -p tests/vm/page-merge-stk -a page-merge-stk -p tests/vm/child-qsort -a child-qsort --swap-size=4 -- -q  -f run page-merge-stk < /dev/null 2> tests/vm/page-merge-stk.errors > tests/vm/page-merge-stk.output
perl -I../.. ../../tests/vm/page-merge-stk.ck tests/vm/page-merge-stk tests/vm/page-merge-stk.result
FAIL tests/vm/page-merge-stk
run: exec "child-qsort buf1": FAILED
pintos -v -k -T 100 --qemu  --filesys-size=2 -p tests/vm/page-shuffle -a page-shuffle --swap-size=4 -- -q  -f run page-shuffle < /dev/null 2> tests/vm/page-shuffle.errors > tests/vm/page-shuffle.output
perl -I../.. ../../tests/vm/page-shuffle.ck tests/vm/page-shuffle tests/vm/page-shuffle.result
pass tests/vm/page-shuffle
pintos -v -k -T 10 --qemu  --filesys-size=2 -p tests/filesys/base/lg-create -a lg-create --swap-size=4 -- -q  -f run lg-create < /dev/null 2> tests/filesys/base/lg-create.errors > tests/filesys/base/lg-create.output
perl -I../.. ../../tests/filesys/base/lg-create.ck tests/filesys/base/lg-create tests/filesys/base/lg-create.result
pass tests/filesys/base/lg-create
pintos -v -k -T 10 --qemu  --filesys-size=2 -p tests/filesys/base/lg-full -a lg-full --swap-size=4 -- -q  -f run lg-full < /dev/null 2> tests/filesys/base/lg-full.errors > tests/filesys/base/lg-full.output
perl -I../.. ../../tests/filesys/base/lg-full.ck tests/filesys/base/lg-full tests/filesys/base/lg-full.result
pass tests/filesys/base/lg-full
pintos -v -k -T 10 --qemu  --filesys-size=2 -p tests/filesys/base/lg-random -a lg-random --swap-size=4 -- -q  -f run lg-random < /dev/null 2> tests/filesys/base/lg-random.errors > tests/filesys/base/lg-random.output
perl -I../.. ../../tests/filesys/base/lg-random.ck tests/filesys/base/lg-random tests/filesys/base/lg-random.result
pass tests/filesys/base/lg-random
pintos -v -k -T 10 --qemu  --filesys-size=2 -p tests/filesys/base/lg-seq-block -a lg-seq-block --swap-size=4 -- -q  -f run lg-seq-block < /dev/null 2> tests/filesys/base/lg-seq-block.errors > tests/filesys/base/lg-seq-block.output
perl -I../.. ../../tests/filesys/base/lg-seq-block.ck tests/filesys/base/lg-seq-block tests/filesys/base/lg-seq-block.result
pass tests/filesys/base/lg-seq-block
pintos -v -k -T 10 --qemu  --filesys-size=2 -p tests/filesys/base/lg-seq-random -a lg-seq-random --swap-size=4 -- -q  -f run lg-seq-random < /dev/null 2> tests/filesys/base/lg-seq-random.errors > tests/filesys/base/lg-seq-random.output
perl -I../.. ../../tests/filesys/base/lg-seq-random.ck tests/filesys/base/lg-seq-random tests/filesys/base/lg-seq-random.result
pass tests/filesys/base/lg-seq-random
pintos -v -k -T 10 --qemu  --filesys-size=2 -p tests/filesys/base/sm-create -a sm-create --swap-size=4 -- -q  -f run sm-create < /dev/null 2> tests/filesys/base/sm-create.errors > tests/filesys/base/sm-create.output
perl -I../.. ../../tests/filesys/base/sm-create.ck tests/filesys/base/sm-create tests/filesys/base/sm-create.result
pass tests/filesys/base/sm-create
pintos -v -k -T 10 --qemu  --filesys-size=2 -p tests/filesys/base/sm-full -a sm-full --swap-size=4 -- -q  -f run sm-full < /dev/null 2> tests/filesys/base/sm-full.errors > tests/filesys/base/sm-full.output
perl -I../.. ../../tests/filesys/base/sm-full.ck tests/filesys/base/sm-full tests/filesys/base/sm-full.result
pass tests/filesys/base/sm-full
pintos -v -k -T 10 --qemu  --filesys-size=2 -p tests/filesys/base/sm-random -a sm-random --swap-size=4 -- -q  -f run sm-random < /dev/null 2> tests/filesys/base/sm-random.errors > tests/filesys/base/sm-random.output
perl -I../.. ../../tests/filesys/base/sm-random.ck tests/filesys/base/sm-random tests/filesys/base/sm-random.result
pass tests/filesys/base/sm-random
pintos -v -k -T 10 --qemu  --filesys-size=2 -p tests/filesys/base/sm-seq-block -a sm-seq-block --swap-size=4 -- -q  -f run sm-seq-block < /dev/null 2> tests/filesys/base/sm-seq-block.errors > tests/filesys/base/sm-seq-block.output
perl -I../.. ../../tests/filesys/base/sm-seq-block.ck tests/filesys/base/sm-seq-block tests/filesys/base/sm-seq-block.result
pass tests/filesys/base/sm-seq-block
pintos -v -k -T 10 --qemu  --filesys-size=2 -p tests/filesys/base/sm-seq-random -a sm-seq-random --swap-size=4 -- -q  -f run sm-seq-random < /dev/null 2> tests/filesys/base/sm-seq-random.errors > tests/filesys/base/sm-seq-random.output
perl -I../.. ../../tests/filesys/base/sm-seq-random.ck tests/filesys/base/sm-seq-random tests/filesys/base/sm-seq-random.result
pass tests/filesys/base/sm-seq-random
pintos -v -k -T 20 --qemu  --filesys-size=2 -p tests/filesys/base/syn-read -a syn-read -p tests/filesys/base/child-syn-read -a child-syn-read --swap-size=4 -- -q  -f run syn-read < /dev/null 2> tests/filesys/base/syn-read.errors > tests/filesys/base/syn-read.output
perl -I../.. ../../tests/filesys/base/syn-read.ck tests/filesys/base/syn-read tests/filesys/base/syn-read.result
FAIL tests/filesys/base/syn-read
run: open "data": FAILED
pintos -v -k -T 10 --qemu  --filesys-size=2 -p tests/filesys/base/syn-remove -a syn-remove --swap-size=4 -- -q  -f run syn-remove < /dev/null 2> tests/filesys/base/syn-remove.errors > tests/filesys/base/syn-remove.output
perl -I../.. ../../tests/filesys/base/syn-remove.ck tests/filesys/base/syn-remove tests/filesys/base/syn-remove.result
pass tests/filesys/base/syn-remove
pintos -v -k -T 10 --qemu  --filesys-size=2 -p tests/filesys/base/syn-write -a syn-write -p tests/filesys/base/child-syn-wrt -a child-syn-wrt --swap-size=4 -- -q  -f run syn-write < /dev/null 2> tests/filesys/base/syn-write.errors > tests/filesys/base/syn-write.output
perl -I../.. ../../tests/filesys/base/syn-write.ck tests/filesys/base/syn-write tests/filesys/base/syn-write.result
FAIL tests/filesys/base/syn-write
run: ((null)) open "stuff": FAILED
../../tests/make-grade ../.. results ../../tests/vm/Grading | tee grade
TOTAL TESTING SCORE: 71.9%

- - - - - - - - - - - - - - - - - - - - - - - - - - - - - - - - - - - - - - 

SUMMARY BY TEST SET

Test Set                                      Pts Max  % Ttl  % Max
--------------------------------------------- --- --- ------ ------
tests/vm/Rubric.functionality                  18/ 33  27.3%/ 50.0%
tests/vm/Rubric.robustness                     14/ 14  15.0%/ 15.0%
tests/userprog/Rubric.functionality           108/108  10.0%/ 10.0%
tests/userprog/Rubric.robustness               88/ 88   5.0%/  5.0%
tests/filesys/base/Rubric                      22/ 30  14.7%/ 20.0%
--------------------------------------------- --- --- ------ ------
Total                                                  71.9%/100.0%

- - - - - - - - - - - - - - - - - - - - - - - - - - - - - - - - - - - - - - 

SUMMARY OF INDIVIDUAL TESTS

Functionality of virtual memory subsystem (tests/vm/Rubric.functionality):
	- Test stack growth.
	     3/ 3 tests/vm/pt-grow-stack
	     3/ 3 tests/vm/pt-grow-stk-sc
	     3/ 3 tests/vm/pt-big-stk-obj
	     3/ 3 tests/vm/pt-grow-pusha

	- Test paging behavior.
	     3/ 3 tests/vm/page-linear
	  ** 0/ 3 tests/vm/page-parallel
	     3/ 3 tests/vm/page-shuffle
	  ** 0/ 4 tests/vm/page-merge-seq
	  ** 0/ 4 tests/vm/page-merge-par
	  ** 0/ 4 tests/vm/page-merge-stk

	- Section summary.
	      6/ 10 tests passed
	     18/ 33 points subtotal

Robustness of virtual memory subsystem (tests/vm/Rubric.robustness):
	- Test robustness of page table support.
	     2/ 2 tests/vm/pt-bad-addr
	     3/ 3 tests/vm/pt-bad-read
	     2/ 2 tests/vm/pt-write-code
	     3/ 3 tests/vm/pt-write-code2
	     4/ 4 tests/vm/pt-grow-bad


	- Section summary.
	      5/  5 tests passed
	     14/ 14 points subtotal

Functionality of system calls (tests/userprog/Rubric.functionality):
	- Test argument passing on Pintos command line.
	     3/ 3 tests/userprog/args-none
	     3/ 3 tests/userprog/args-single
	     3/ 3 tests/userprog/args-multiple
	     3/ 3 tests/userprog/args-many
	     3/ 3 tests/userprog/args-dbl-space

	- Test "create" system call.
	     3/ 3 tests/userprog/create-empty
	     3/ 3 tests/userprog/create-long
	     3/ 3 tests/userprog/create-normal
	     3/ 3 tests/userprog/create-exists

	- Test "open" system call.
	     3/ 3 tests/userprog/open-missing
	     3/ 3 tests/userprog/open-normal
	     3/ 3 tests/userprog/open-twice

	- Test "read" system call.
	     3/ 3 tests/userprog/read-normal
	     3/ 3 tests/userprog/read-zero

	- Test "write" system call.
	     3/ 3 tests/userprog/write-normal
	     3/ 3 tests/userprog/write-zero

	- Test "close" system call.
	     3/ 3 tests/userprog/close-normal

	- Test "exec" system call.
	     5/ 5 tests/userprog/exec-once
	     5/ 5 tests/userprog/exec-multiple
	     5/ 5 tests/userprog/exec-arg

	- Test "wait" system call.
	     5/ 5 tests/userprog/wait-simple
	     5/ 5 tests/userprog/wait-twice

	- Test "exit" system call.
	     5/ 5 tests/userprog/exit

	- Test "halt" system call.
	     3/ 3 tests/userprog/halt

	- Test recursive execution of user programs.
	    15/15 tests/userprog/multi-recurse

	- Test read-only executable feature.
	     3/ 3 tests/userprog/rox-simple
	     3/ 3 tests/userprog/rox-child
	     3/ 3 tests/userprog/rox-multichild

	- Section summary.
	     28/ 28 tests passed
	    108/108 points subtotal

Robustness of system calls (tests/userprog/Rubric.robustness):
	- Test robustness of file descriptor handling.
	     2/ 2 tests/userprog/close-stdin
	     2/ 2 tests/userprog/close-stdout
	     2/ 2 tests/userprog/close-bad-fd
	     2/ 2 tests/userprog/close-twice
	     2/ 2 tests/userprog/read-bad-fd
	     2/ 2 tests/userprog/read-stdout
	     2/ 2 tests/userprog/write-bad-fd
	     2/ 2 tests/userprog/write-stdin
	     2/ 2 tests/userprog/multi-child-fd

	- Test robustness of pointer handling.
	     3/ 3 tests/userprog/create-bad-ptr
	     3/ 3 tests/userprog/exec-bad-ptr
	     3/ 3 tests/userprog/open-bad-ptr
	     3/ 3 tests/userprog/read-bad-ptr
	     3/ 3 tests/userprog/write-bad-ptr

	- Test robustness of buffer copying across page boundaries.
	     3/ 3 tests/userprog/create-bound
	     3/ 3 tests/userprog/open-boundary
	     3/ 3 tests/userprog/read-boundary
	     3/ 3 tests/userprog/write-boundary

	- Test handling of null pointer and empty strings.
	     2/ 2 tests/userprog/create-null
	     2/ 2 tests/userprog/open-null
	     2/ 2 tests/userprog/open-empty

	- Test robustness of system call implementation.
	     3/ 3 tests/userprog/sc-bad-arg
	     3/ 3 tests/userprog/sc-bad-sp
	     5/ 5 tests/userprog/sc-boundary
	     5/ 5 tests/userprog/sc-boundary-2

	- Test robustness of "exec" and "wait" system calls.
	     5/ 5 tests/userprog/exec-missing
	     5/ 5 tests/userprog/wait-bad-pid
	     5/ 5 tests/userprog/wait-killed

	- Test robustness of exception handling.
	     1/ 1 tests/userprog/bad-read
	     1/ 1 tests/userprog/bad-write
	     1/ 1 tests/userprog/bad-jump
	     1/ 1 tests/userprog/bad-read2
	     1/ 1 tests/userprog/bad-write2
	     1/ 1 tests/userprog/bad-jump2

	- Section summary.
	     34/ 34 tests passed
	     88/ 88 points subtotal

Functionality of base file system (tests/filesys/base/Rubric):
	- Test basic support for small files.
	     1/ 1 tests/filesys/base/sm-create
	     2/ 2 tests/filesys/base/sm-full
	     2/ 2 tests/filesys/base/sm-random
	     2/ 2 tests/filesys/base/sm-seq-block
	     3/ 3 tests/filesys/base/sm-seq-random

	- Test basic support for large files.
	     1/ 1 tests/filesys/base/lg-create
	     2/ 2 tests/filesys/base/lg-full
	     2/ 2 tests/filesys/base/lg-random
	     2/ 2 tests/filesys/base/lg-seq-block
	     3/ 3 tests/filesys/base/lg-seq-random

	- Test synchronized multiprogram access to files.
	  ** 0/ 4 tests/filesys/base/syn-read
	  ** 0/ 4 tests/filesys/base/syn-write
	     2/ 2 tests/filesys/base/syn-remove

	- Section summary.
	     11/ 13 tests passed
	     22/ 30 points subtotal


- - - - - - - - - - - - - - - - - - - - - - - - - - - - - - - - - - - - - - 

DETAILS OF tests/vm/page-parallel FAILURE:

run: TIMEOUT after 11 seconds of wall-clock time - load average: 0.94, 1.30, 1.23

OUTPUT FROM tests/vm/page-parallel:

Copying tests/vm/page-parallel to scratch partition...
Copying tests/vm/child-linear to scratch partition...
qemu -device isa-debug-exit -hda /tmp/oA1k765L2Q.dsk -m 4 -net none -nographic -monitor null
PiLo hda1
Loading...........
Kernel command line: -q -f extract run page-parallel
Pintos booting with 3,968 kB RAM...
367 pages available in kernel pool.
367 pages available in user pool.
Calibrating timer...  628,326,400 loops/s.
hda: 13,104 sectors (6 MB), model "QM00001", serial "QEMU HARDDISK"
hda1: 186 sectors (93 kB), Pintos OS kernel (20)
hda2: 4,096 sectors (2 MB), Pintos file system (21)
hda3: 204 sectors (102 kB), Pintos scratch (22)
hda4: 8,192 sectors (4 MB), Pintos swap (23)
filesys: using hda2
scratch: using hda3
swap: using hda4
Formatting file system...done.
Boot complete.
Extracting ustar archive from scratch device into file system...
Putting 'page-parallel' into the file system...
Putting 'child-linear' into the file system...
Erasing ustar archive...
Executing 'page-parallel':
(page-parallel) begin
(page-parallel) exec "child-linear"
(page-parallel) exec "child-linear"
(page-parallel) exec "child-linear"
child-linear: dying due to interrupt 0x0d (#GP General Protection Exception).
Interrupt 0x0d (#GP General Protection Exception) at eip=0x80494ff
 cr2=080494ff error=00000000
 eax=0804a8a2 ebx=bffffe9e ecx=0804a8b5 edx=bffffe84
 esi=bffffff3 edi=c0000000 esp=bffffe1c ebp=bffffe84
 cs=001b ds=0023 es=0023 ss=0023

TIMEOUT after 11 seconds of wall-clock time - load average: 0.94, 1.30, 1.23

- - - - - - - - - - - - - - - - - - - - - - - - - - - - - - - - - - - - - - 

DETAILS OF tests/vm/page-merge-seq FAILURE:

Test output failed to match any acceptable form.

Acceptable output:
  (page-merge-seq) begin
  (page-merge-seq) init
  (page-merge-seq) sort chunk 0
  (page-merge-seq) sort chunk 1
  (page-merge-seq) sort chunk 2
  (page-merge-seq) sort chunk 3
  (page-merge-seq) sort chunk 4
  (page-merge-seq) sort chunk 5
  (page-merge-seq) sort chunk 6
  (page-merge-seq) sort chunk 7
  (page-merge-seq) sort chunk 8
  (page-merge-seq) sort chunk 9
  (page-merge-seq) sort chunk 10
  (page-merge-seq) sort chunk 11
  (page-merge-seq) sort chunk 12
  (page-merge-seq) sort chunk 13
  (page-merge-seq) sort chunk 14
  (page-merge-seq) sort chunk 15
  (page-merge-seq) merge
  (page-merge-seq) verify
  (page-merge-seq) success, buf_idx=1,032,192
  (page-merge-seq) end
Differences in `diff -u' format:
  (page-merge-seq) begin
  (page-merge-seq) init
  (page-merge-seq) sort chunk 0
  (page-merge-seq) sort chunk 1
  (page-merge-seq) sort chunk 2
  (page-merge-seq) sort chunk 3
  (page-merge-seq) sort chunk 4
  (page-merge-seq) sort chunk 5
  (page-merge-seq) sort chunk 6
  (page-merge-seq) sort chunk 7
  (page-merge-seq) sort chunk 8
  (page-merge-seq) sort chunk 9
  (page-merge-seq) sort chunk 10
  (page-merge-seq) sort chunk 11
  (page-merge-seq) sort chunk 12
  (page-merge-seq) sort chunk 13
  (page-merge-seq) sort chunk 14
  (page-merge-seq) sort chunk 15
  (page-merge-seq) merge
- (page-merge-seq) verify
- (page-merge-seq) success, buf_idx=1,032,192
- (page-merge-seq) end
+ page-merge-seq: dying due to interrupt 0x0d (#GP General Protection Exception).
+ Interrupt 0x0d (#GP General Protection Exception) at eip=0x804a546
+  cr2=0805b000 error=00000000
+  eax=0804ab9e ebx=00000000 ecx=0804c49f edx=00001935
+  esi=ffffffff edi=0804c4a0 esp=bffffecc ebp=00000001
+  cs=001b ds=0023 es=0023 ss=0023

(Process exit codes are excluded for matching purposes.)

OUTPUT FROM tests/vm/page-merge-seq:

Copying tests/vm/page-merge-seq to scratch partition...
Copying tests/vm/child-sort to scratch partition...
qemu -device isa-debug-exit -hda /tmp/Q2XW719mcd.dsk -m 4 -net none -nographic -monitor null
PiLo hda1
Loading...........
Kernel command line: -q -f extract run page-merge-seq
Pintos booting with 3,968 kB RAM...
367 pages available in kernel pool.
367 pages available in user pool.
Calibrating timer...  628,326,400 loops/s.
hda: 13,104 sectors (6 MB), model "QM00001", serial "QEMU HARDDISK"
hda1: 186 sectors (93 kB), Pintos OS kernel (20)
hda2: 4,096 sectors (2 MB), Pintos file system (21)
hda3: 212 sectors (106 kB), Pintos scratch (22)
hda4: 8,192 sectors (4 MB), Pintos swap (23)
filesys: using hda2
scratch: using hda3
swap: using hda4
Formatting file system...done.
Boot complete.
Extracting ustar archive from scratch device into file system...
Putting 'page-merge-seq' into the file system...
Putting 'child-sort' into the file system...
Erasing ustar archive...
Executing 'page-merge-seq':
(page-merge-seq) begin
(page-merge-seq) init
(page-merge-seq) sort chunk 0
child-sort: exit(123)
(page-merge-seq) sort chunk 1
child-sort: exit(123)
(page-merge-seq) sort chunk 2
child-sort: exit(123)
(page-merge-seq) sort chunk 3
child-sort: exit(123)
(page-merge-seq) sort chunk 4
child-sort: exit(123)
(page-merge-seq) sort chunk 5
child-sort: exit(123)
(page-merge-seq) sort chunk 6
child-sort: exit(123)
(page-merge-seq) sort chunk 7
child-sort: exit(123)
(page-merge-seq) sort chunk 8
child-sort: exit(123)
(page-merge-seq) sort chunk 9
child-sort: exit(123)
(page-merge-seq) sort chunk 10
child-sort: exit(123)
(page-merge-seq) sort chunk 11
child-sort: exit(123)
(page-merge-seq) sort chunk 12
child-sort: exit(123)
(page-merge-seq) sort chunk 13
child-sort: exit(123)
(page-merge-seq) sort chunk 14
child-sort: exit(123)
(page-merge-seq) sort chunk 15
child-sort: exit(123)
(page-merge-seq) merge
page-merge-seq: dying due to interrupt 0x0d (#GP General Protection Exception).
Interrupt 0x0d (#GP General Protection Exception) at eip=0x804a546
 cr2=0805b000 error=00000000
 eax=0804ab9e ebx=00000000 ecx=0804c49f edx=00001935
 esi=ffffffff edi=0804c4a0 esp=bffffecc ebp=00000001
 cs=001b ds=0023 es=0023 ss=0023
page-merge-seq: exit(-1)
Execution of 'page-merge-seq' complete.
Timer: 175 ticks
Thread: 27 idle ticks, 57 kernel ticks, 91 user ticks
hda2 (filesys): 4856 reads, 4592 writes
hda3 (scratch): 211 reads, 2 writes
hda4 (swap): 208 reads, 1344 writes
Console: 2249 characters output
Keyboard: 0 keys pressed
Exception: 854 page faults
Powering off...

- - - - - - - - - - - - - - - - - - - - - - - - - - - - - - - - - - - - - - 

DETAILS OF tests/vm/page-merge-par FAILURE:

run: exec "child-sort buf1": FAILED

OUTPUT FROM tests/vm/page-merge-par:

Copying tests/vm/page-merge-par to scratch partition...
Copying tests/vm/child-sort to scratch partition...
qemu -device isa-debug-exit -hda /tmp/7sl1j36NfP.dsk -m 4 -net none -nographic -monitor null
PiLo hda1
Loading...........
Kernel command line: -q -f extract run page-merge-par
Pintos booting with 3,968 kB RAM...
367 pages available in kernel pool.
367 pages available in user pool.
Calibrating timer...  628,326,400 loops/s.
hda: 13,104 sectors (6 MB), model "QM00001", serial "QEMU HARDDISK"
hda1: 186 sectors (93 kB), Pintos OS kernel (20)
hda2: 4,096 sectors (2 MB), Pintos file system (21)
hda3: 214 sectors (107 kB), Pintos scratch (22)
hda4: 8,192 sectors (4 MB), Pintos swap (23)
filesys: using hda2
scratch: using hda3
swap: using hda4
Formatting file system...done.
Boot complete.
Extracting ustar archive from scratch device into file system...
Putting 'page-merge-par' into the file system...
Putting 'child-sort' into the file system...
Erasing ustar archive...
Executing 'page-merge-par':
(page-merge-par) begin
(page-merge-par) init
(page-merge-par) sort chunk 0
(page-merge-par) sort chunk 1
(page-merge-par) exec "child-sort buf1": FAILED
page-merge-par: exit(1)
Execution of 'page-merge-par' complete.
Timer: 76 ticks
Thread: 3 idle ticks, 59 kernel ticks, 15 user ticks
hda2 (filesys): 428 reads, 1722 writes
hda3 (scratch): 213 reads, 2 writes
hda4 (swap): 0 reads, 0 writes
Console: 1172 characters output
Keyboard: 0 keys pressed
Exception: 297 page faults
Powering off...

- - - - - - - - - - - - - - - - - - - - - - - - - - - - - - - - - - - - - - 

DETAILS OF tests/vm/page-merge-stk FAILURE:

run: exec "child-qsort buf1": FAILED

OUTPUT FROM tests/vm/page-merge-stk:

Copying tests/vm/page-merge-stk to scratch partition...
Copying tests/vm/child-qsort to scratch partition...
qemu -device isa-debug-exit -hda /tmp/eJ6DZPEUzk.dsk -m 4 -net none -nographic -monitor null
PiLo hda1
Loading...........
Kernel command line: -q -f extract run page-merge-stk
Pintos booting with 3,968 kB RAM...
367 pages available in kernel pool.
367 pages available in user pool.
Calibrating timer...  628,326,400 loops/s.
hda: 13,104 sectors (6 MB), model "QM00001", serial "QEMU HARDDISK"
hda1: 186 sectors (93 kB), Pintos OS kernel (20)
hda2: 4,096 sectors (2 MB), Pintos file system (21)
hda3: 221 sectors (110 kB), Pintos scratch (22)
hda4: 8,192 sectors (4 MB), Pintos swap (23)
filesys: using hda2
scratch: using hda3
swap: using hda4
Formatting file system...done.
Boot complete.
Extracting ustar archive from scratch device into file system...
Putting 'page-merge-stk' into the file system...
Putting 'child-qsort' into the file system...
Erasing ustar archive...
Executing 'page-merge-stk':
(page-merge-stk) begin
(page-merge-stk) init
(page-merge-stk) sort chunk 0
(page-merge-stk) sort chunk 1
(page-merge-stk) exec "child-qsort buf1": FAILED
page-merge-stk: exit(1)
Execution of 'page-merge-stk' complete.
Timer: 78 ticks
Thread: 6 idle ticks, 56 kernel ticks, 16 user ticks
hda2 (filesys): 430 reads, 1736 writes
hda3 (scratch): 220 reads, 2 writes
hda4 (swap): 0 reads, 0 writes
Console: 1174 characters output
Keyboard: 0 keys pressed
Exception: 297 page faults
Powering off...

- - - - - - - - - - - - - - - - - - - - - - - - - - - - - - - - - - - - - - 

DETAILS OF tests/filesys/base/syn-read FAILURE:

run: open "data": FAILED

OUTPUT FROM tests/filesys/base/syn-read:

Copying tests/filesys/base/syn-read to scratch partition...
Copying tests/filesys/base/child-syn-read to scratch partition...
qemu -device isa-debug-exit -hda /tmp/Ztu7HdIckd.dsk -m 4 -net none -nographic -monitor null
PiLo hda1
Loading...........
Kernel command line: -q -f extract run syn-read
Pintos booting with 3,968 kB RAM...
367 pages available in kernel pool.
367 pages available in user pool.
Calibrating timer...  628,326,400 loops/s.
hda: 13,104 sectors (6 MB), model "QM00001", serial "QEMU HARDDISK"
hda1: 186 sectors (93 kB), Pintos OS kernel (20)
hda2: 4,096 sectors (2 MB), Pintos file system (21)
hda3: 223 sectors (111 kB), Pintos scratch (22)
hda4: 8,192 sectors (4 MB), Pintos swap (23)
filesys: using hda2
scratch: using hda3
swap: using hda4
Formatting file system...done.
Boot complete.
Extracting ustar archive from scratch device into file system...
Putting 'syn-read' into the file system...
Putting 'child-syn-read' into the file system...
Erasing ustar archive...
Executing 'syn-read':
(syn-read) begin
(syn-read) create "data"
(syn-read) open "data"
(syn-read) write "data"
(syn-read) close "data"
(syn-read) exec child 1 of 10: "child-syn-read 0"
(syn-read) exec child 2 of 10: "child-syn-read 1"
(child-syn-read) open "data": FAILED
(syn-read) exec child 3 of 10: "child-syn-read 2"
(child-syn-read) open "data": FAILED
(syn-read) exec child 4 of 10: "child-syn-read 3"
(child-syn-read) open "data": FAILED
(syn-read) exec child 5 of 10: "child-syn-read 4"
(child-syn-read) open "data": FAILED
(syn-read) exec child 6 of 10: "child-syn-read 5"
(child-syn-read) open "data": FAILED
(syn-read) exec child 7 of 10: "child-syn-read 6"
(child-syn-read) open "data": FAILED
(syn-read) exec child 8 of 10: "child-syn-read 7"
(child-syn-read) open "data": FAILED
(syn-read) exec child 9 of 10: "child-syn-read 8"
(child-syn-read) open "data": FAILED
(syn-read) exec child 10 of 10: "child-syn-read 9"
(child-syn-read) open "data": FAILED
child-syn-read: exit(1)
(syn-read) wait for child 1 of 10 returned 1 (expected 0)
(syn-read) wait for child 1 of 10 returned 1 (expected 0): FAILED
syn-read: exit(1)
Execution of 'syn-read' complete.
Timer: 66 ticks
Thread: 6 idle ticks, 56 kernel ticks, 4 user ticks
hda2 (filesys): 431 reads, 460 writes
hda3 (scratch): 222 reads, 2 writes
hda4 (swap): 0 reads, 0 writes
Console: 2086 characters output
Keyboard: 0 keys pressed
Exception: 42 page faults
Powering off...

- - - - - - - - - - - - - - - - - - - - - - - - - - - - - - - - - - - - - - 

DETAILS OF tests/filesys/base/syn-write FAILURE:

run: ((null)) open "stuff": FAILED

OUTPUT FROM tests/filesys/base/syn-write:

Copying tests/filesys/base/syn-write to scratch partition...
Copying tests/filesys/base/child-syn-wrt to scratch partition...
qemu -device isa-debug-exit -hda /tmp/W0FfSWzr6A.dsk -m 4 -net none -nographic -monitor null
PiLo hda1
Loading...........
Kernel command line: -q -f extract run syn-write
Pintos booting with 3,968 kB RAM...
367 pages available in kernel pool.
367 pages available in user pool.
Calibrating timer...  628,326,400 loops/s.
hda: 13,104 sectors (6 MB), model "QM00001", serial "QEMU HARDDISK"
hda1: 186 sectors (93 kB), Pintos OS kernel (20)
hda2: 4,096 sectors (2 MB), Pintos file system (21)
hda3: 224 sectors (112 kB), Pintos scratch (22)
hda4: 8,192 sectors (4 MB), Pintos swap (23)
filesys: using hda2
scratch: using hda3
swap: using hda4
Formatting file system...done.
Boot complete.
Extracting ustar archive from scratch device into file system...
Putting 'syn-write' into the file system...
Putting 'child-syn-wrt' into the file system...
Erasing ustar archive...
Executing 'syn-write':
(syn-write) begin
(syn-write) create "stuff"
(syn-write) exec child 1 of 10: "child-syn-wrt 0"
(syn-write) exec child 2 of 10: "child-syn-wrt 1"
((null)) open "stuff": FAILED
(syn-write) exec child 3 of 10: "child-syn-wrt 2"
((null)) open "stuff": FAILED
(syn-write) exec child 4 of 10: "child-syn-wrt 3"
((null)) open "stuff": FAILED
(syn-write) exec child 5 of 10: "child-syn-wrt 4"
((null)) open "stuff": FAILED
(syn-write) exec child 6 of 10: "child-syn-wrt 5"
((null)) open "stuff": FAILED
(syn-write) exec child 7 of 10: "child-syn-wrt 6"
((null)) open "stuff": FAILED
(syn-write) exec child 8 of 10: "child-syn-wrt 7"
((null)) open "stuff": FAILED
(syn-write) exec child 9 of 10: "child-syn-wrt 8"
((null)) open "stuff": FAILED
(syn-write) exec child 10 of 10: "child-syn-wrt 9"
((null)) open "stuff": FAILED
child-syn-wrt: exit(1)
(syn-write) wait for child 1 of 10 returned 1 (expected 0)
(syn-write) wait for child 1 of 10 returned 1 (expected 0): FAILED
syn-write: exit(1)
Execution of 'syn-write' complete.
Timer: 66 ticks
Thread: 2 idle ticks, 57 kernel ticks, 7 user ticks
hda2 (filesys): 426 reads, 468 writes
hda3 (scratch): 223 reads, 2 writes
hda4 (swap): 0 reads, 0 writes
Console: 1960 characters output
Keyboard: 0 keys pressed
Exception: 52 page faults
Powering off...
make[1]: Leaving directory '/home/edie/git/pintos-userprog/vm/build'
